0 info it worked if it ends with ok
1 verbose cli [ '/usr/bin/nodejs',
1 verbose cli   '/usr/local/bin/npm',
1 verbose cli   'run',
1 verbose cli   'server:static' ]
2 info using npm@4.1.2
3 info using node@v7.4.0
4 verbose run-script [ 'preserver:static', 'server:static', 'postserver:static' ]
5 info lifecycle product-management@1.0.0~preserver:static: product-management@1.0.0
6 silly lifecycle product-management@1.0.0~preserver:static: no script for preserver:static, continuing
7 info lifecycle product-management@1.0.0~server:static: product-management@1.0.0
8 verbose lifecycle product-management@1.0.0~server:static: unsafe-perm in lifecycle true
9 verbose lifecycle product-management@1.0.0~server:static: PATH: /usr/local/lib/node_modules/npm/bin/node-gyp-bin:/home/nyros/AngularJS-2Cartlist/node_modules/.bin:/usr/local/lib/node_modules/npm/bin/node-gyp-bin:/home/nyros/AngularJS-2Cartlist/node_modules/.bin:/home/nyros/.rvm/gems/ruby-1.9.3-p547/bin:/home/nyros/.rvm/gems/ruby-1.9.3-p547@global/bin:/home/nyros/.rvm/rubies/ruby-1.9.3-p547/bin:/usr/local/sbin:/usr/local/bin:/usr/sbin:/usr/bin:/sbin:/bin:/usr/games:/usr/local/games:/home/nyros/bin:/usr/lib/jvm/java-6-openjdk-i386/bin:/home/nyros/bin:/usr/lib/jvm/java-6-openjdk-i386/bin:/home/nyros/.rvm/bin
10 verbose lifecycle product-management@1.0.0~server:static: CWD: /home/nyros/AngularJS-2Cartlist
11 silly lifecycle product-management@1.0.0~server:static: Args: [ '-c',
11 silly lifecycle   'json-server --watch static/api/cart.json --port 3004 & json-server --watch static/api/products.json --port 3005 ' ]
12 info lifecycle product-management@1.0.0~server:static: Failed to exec server:static script
13 verbose stack Error: product-management@1.0.0 server:static: `json-server --watch static/api/cart.json --port 3004 & json-server --watch static/api/products.json --port 3005 `
13 verbose stack spawn ENOENT
13 verbose stack     at ChildProcess.<anonymous> (/usr/local/lib/node_modules/npm/lib/utils/spawn.js:33:16)
13 verbose stack     at emitTwo (events.js:106:13)
13 verbose stack     at ChildProcess.emit (events.js:191:7)
13 verbose stack     at maybeClose (internal/child_process.js:885:16)
13 verbose stack     at Process.ChildProcess._handle.onexit (internal/child_process.js:226:5)
14 verbose pkgid product-management@1.0.0
15 verbose cwd /home/nyros/AngularJS-2Cartlist
16 error Linux 3.13.0-108-generic
17 error argv "/usr/bin/nodejs" "/usr/local/bin/npm" "run" "server:static"
18 error node v7.4.0
19 error npm  v4.1.2
20 error file sh
21 error code ELIFECYCLE
22 error errno ENOENT
23 error syscall spawn
24 error product-management@1.0.0 server:static: `json-server --watch static/api/cart.json --port 3004 & json-server --watch static/api/products.json --port 3005 `
24 error spawn ENOENT
25 error Failed at the product-management@1.0.0 server:static script 'json-server --watch static/api/cart.json --port 3004 & json-server --watch static/api/products.json --port 3005 '.
25 error Make sure you have the latest version of node.js and npm installed.
25 error If you do, this is most likely a problem with the product-management package,
25 error not with npm itself.
25 error Tell the author that this fails on your system:
25 error     json-server --watch static/api/cart.json --port 3004 & json-server --watch static/api/products.json --port 3005
25 error You can get information on how to open an issue for this project with:
25 error     npm bugs product-management
25 error Or if that isn't available, you can get their info via:
25 error     npm owner ls product-management
25 error There is likely additional logging output above.
26 verbose exit [ 1, true ]
